<?xml version='1.0' encoding='UTF-8'?>
<testsuite hostname="kyle-linuxbox" name="tictactoe.AISpec" tests="8" errors="0" failures="0" skipped="0" time="8.75">
                     <properties>
[...]
</properties>
                     <testcase classname="tictactoe.AISpec" name="AlphaBeta alpha initializes as Negative Infinity" time="0.022">
                                                 
                                               </testcase><testcase classname="tictactoe.AISpec" name="AlphaBeta beta initializes as Positive Infinity" time="0.0">
                                                 
                                               </testcase><testcase classname="tictactoe.AISpec" name="setDepthLimit matches the difficulty to the board size and computer AI level" time="0.002">
                                                 
                                               </testcase><testcase classname="tictactoe.AISpec" name="getComputerMove scores a two move board correctly" time="0.034">
                                                 
                                               </testcase><testcase classname="tictactoe.AISpec" name="getComputerMove scores a simple win correctly" time="0.01">
                                                 
                                               </testcase><testcase classname="tictactoe.AISpec" name="getComputerMove take the appropriate second move" time="0.775">
                                                 
                                               </testcase><testcase classname="tictactoe.AISpec" name="getComputerMove will tie given every opponent first move" time="3.95">
                                                 
                                               </testcase><testcase classname="tictactoe.AISpec" name="getComputerMove will win or tie in all possible situations (3x3 board)" time="3.957">
                                                 
                                               </testcase>
                     <system-out></system-out>
                     <system-err></system-err>
                   </testsuite>