<?xml version='1.0' encoding='UTF-8'?>
<testsuite hostname="Kyles-MacBook-Pro.local" name="tictactoe.BoardSpec" tests="21" errors="0" failures="0" skipped="0" time="0.05">
                     <properties>
[...]
</properties>
                     <testcase classname="tictactoe.BoardSpec" name="initBoard it should return a List of the size indicated, from 1 to Dimension" time="0.034">
                                                 
                                               </testcase><testcase classname="tictactoe.BoardSpec" name="returnValidInputs should return open moves of the board in a list" time="0.001">
                                                 
                                               </testcase><testcase classname="tictactoe.BoardSpec" name="returnRows should return a list of row lists" time="0.002">
                                                 
                                               </testcase><testcase classname="tictactoe.BoardSpec" name="returnColumns should return a list of column lists" time="0.003">
                                                 
                                               </testcase><testcase classname="tictactoe.BoardSpec" name="returnDiagonals should return a list of diagonal lists" time="0.001">
                                                 
                                               </testcase><testcase classname="tictactoe.BoardSpec" name="*checkSets should return true if one list in a list of lists has identical values internally" time="0.001">
                                                 
                                               </testcase><testcase classname="tictactoe.BoardSpec" name="*checkSets should return return false if no list in a list of lists has identical values" time="0.0">
                                                 
                                               </testcase><testcase classname="tictactoe.BoardSpec" name="*checkSets should return true if there is a diagonal win" time="0.0">
                                                 
                                               </testcase><testcase classname="tictactoe.BoardSpec" name="checkWin should return true if a winning board" time="0.0">
                                                 
                                               </testcase><testcase classname="tictactoe.BoardSpec" name="checkWin should return false if not a winning board" time="0.0">
                                                 
                                               </testcase><testcase classname="tictactoe.BoardSpec" name="checkSpace should return true if there is open spaces" time="0.001">
                                                 
                                               </testcase><testcase classname="tictactoe.BoardSpec" name="checkSpace should return false if there is no open spaces" time="0.0">
                                                 
                                               </testcase><testcase classname="tictactoe.BoardSpec" name="checkTie should return false if there is no tie" time="0.001">
                                                 
                                               </testcase><testcase classname="tictactoe.BoardSpec" name="checkTie should return false if there are moves left" time="0.001">
                                                 
                                               </testcase><testcase classname="tictactoe.BoardSpec" name="checkTie should return true if no winner and no moves" time="0.0">
                                                 
                                               </testcase><testcase classname="tictactoe.BoardSpec" name="checkTie should be false if there is a winner and no moves" time="0.0">
                                                 
                                               </testcase><testcase classname="tictactoe.BoardSpec" name="gameOver should return true if no moves are left" time="0.001">
                                                 
                                               </testcase><testcase classname="tictactoe.BoardSpec" name="gameOver should return false if moves are left and no winner" time="0.0">
                                                 
                                               </testcase><testcase classname="tictactoe.BoardSpec" name="gameOver should return true if there is a winning set" time="0.0">
                                                 
                                               </testcase><testcase classname="tictactoe.BoardSpec" name="getWinner should return a list containing true and the winning token" time="0.004">
                                                 
                                               </testcase><testcase classname="tictactoe.BoardSpec" name="getWinner should return a list of false and string 'none' if no winner is found" time="0.0">
                                                 
                                               </testcase>
                     <system-out></system-out>
                     <system-err></system-err>
                   </testsuite>