<?xml version='1.0' encoding='UTF-8'?>
<testsuite hostname="kyle-linuxbox" name="tictactoe.BoardSpec" tests="24" errors="0" failures="0" skipped="0" time="0.055">
                     <properties>
[...]
</properties>
                     <testcase classname="tictactoe.BoardSpec" name="initBoard board can be created in 3x3 grid" time="0.022">
                                                 
                                               </testcase><testcase classname="tictactoe.BoardSpec" name="initBoard board can be created in 4x4 grid" time="0.001">
                                                 
                                               </testcase><testcase classname="tictactoe.BoardSpec" name="initBoard board can be created in 5x5 grid" time="0.001">
                                                 
                                               </testcase><testcase classname="tictactoe.BoardSpec" name="initBoard board can be created in 6x6 grid" time="0.001">
                                                 
                                               </testcase><testcase classname="tictactoe.BoardSpec" name="returnValidInputs returns open spaces on the board" time="0.001">
                                                 
                                               </testcase><testcase classname="tictactoe.BoardSpec" name="returnRows returns the rows of the board" time="0.015">
                                                 
                                               </testcase><testcase classname="tictactoe.BoardSpec" name="returnColumns returns the columns of the board" time="0.001">
                                                 
                                               </testcase><testcase classname="tictactoe.BoardSpec" name="returnDiagonals returns the diagonals of the board" time="0.001">
                                                 
                                               </testcase><testcase classname="tictactoe.BoardSpec" name="checkSets detects if a row/column/diagonal is a winning combo" time="0.001">
                                                 
                                               </testcase><testcase classname="tictactoe.BoardSpec" name="checkSets detects if no row/column/diagonal has winning combo" time="0.0">
                                                 
                                               </testcase><testcase classname="tictactoe.BoardSpec" name="checkSets detects if a diagonal winning combo" time="0.0">
                                                 
                                               </testcase><testcase classname="tictactoe.BoardSpec" name="checkWin detects a winning board" time="0.0">
                                                 
                                               </testcase><testcase classname="tictactoe.BoardSpec" name="checkWin detects a non-winning board" time="0.0">
                                                 
                                               </testcase><testcase classname="tictactoe.BoardSpec" name="checkSpace detects if there are open spaces on the board" time="0.001">
                                                 
                                               </testcase><testcase classname="tictactoe.BoardSpec" name="checkSpace detects if there are no spaces open on the board" time="0.001">
                                                 
                                               </testcase><testcase classname="tictactoe.BoardSpec" name="checkTie determins not tie if board is blank" time="0.001">
                                                 
                                               </testcase><testcase classname="tictactoe.BoardSpec" name="checkTie detects no tie if moves are open" time="0.0">
                                                 
                                               </testcase><testcase classname="tictactoe.BoardSpec" name="checkTie detects tie if no spaces are left and no winner" time="0.001">
                                                 
                                               </testcase><testcase classname="tictactoe.BoardSpec" name="checkTie detects a tie if no winner and no open moves" time="0.0">
                                                 
                                               </testcase><testcase classname="tictactoe.BoardSpec" name="gameOver game is over if tie and no moves open" time="0.003">
                                                 
                                               </testcase><testcase classname="tictactoe.BoardSpec" name="gameOver no game over if spaces are open and no winner" time="0.001">
                                                 
                                               </testcase><testcase classname="tictactoe.BoardSpec" name="gameOver game over if there is a winning combo" time="0.001">
                                                 
                                               </testcase><testcase classname="tictactoe.BoardSpec" name="getWinner can identify the winner's token" time="0.002">
                                                 
                                               </testcase><testcase classname="tictactoe.BoardSpec" name="getWinner can identify if there is no winner" time="0.0">
                                                 
                                               </testcase>
                     <system-out></system-out>
                     <system-err></system-err>
                   </testsuite>