<?xml version='1.0' encoding='UTF-8'?>
<testsuite hostname="Kyles-MacBook-Pro.local" name="tictactoe.AISpec" tests="12" errors="0" failures="1" skipped="0" time="5.69">
                     <properties>
[...]
</properties>
                     <testcase classname="tictactoe.AISpec" name="AlphaBeta alpha initializes as Negative Infinity" time="0.025">
                                                 
                                               </testcase><testcase classname="tictactoe.AISpec" name="AlphaBeta beta initializes as Positive Infinity" time="0.001">
                                                 
                                               </testcase><testcase classname="tictactoe.AISpec" name="TranspositionTable min a value added can be retrieved with key" time="0.004">
                                                 
                                               </testcase><testcase classname="tictactoe.AISpec" name="TranspositionTable max a value added can be retrieved with key" time="0.0">
                                                 
                                               </testcase><testcase classname="tictactoe.AISpec" name="getBoardTranspositions give scores of each 90 degree rotation of board" time="0.015">
                                                 
                                               </testcase><testcase classname="tictactoe.AISpec" name="saveTranspositions saves a transposition list to a transposition table" time="0.001">
                                                 
                                               </testcase><testcase classname="tictactoe.AISpec" name="checkTransposition will tell if transposition does not exist" time="0.002">
                                                 
                                               </testcase><testcase classname="tictactoe.AISpec" name="getComputerMove scores a two move board correctly" time="0.016">
                                                 
                                               </testcase><testcase classname="tictactoe.AISpec" name="getComputerMove scores a simple win correctly" time="0.013">
                                                 
                                               </testcase><testcase classname="tictactoe.AISpec" name="getComputerMove take the appropriate second move" time="0.743">
                                                 
                                               </testcase><testcase classname="tictactoe.AISpec" name="will tie given every opponent first move" time="4.452">
                                                 
                                               </testcase><testcase classname="tictactoe.AISpec" name="will win or tie in all possible situations (3x3 board)" time="0.418">
                                                 <failure message="empty.maxBy" type="java.lang.UnsupportedOperationException">java.lang.UnsupportedOperationException: empty.maxBy
	at scala.collection.TraversableOnce.maxBy(TraversableOnce.scala:236)
	at scala.collection.TraversableOnce.maxBy$(TraversableOnce.scala:234)
	at scala.collection.AbstractTraversable.maxBy(Traversable.scala:104)
	at tictactoe.AI$.miniMax$1(AI.scala:189)
	at tictactoe.AI$.getComputerMove(AI.scala:210)
	at tictactoe.AISpec.$anonfun$new$31(AISpec.scala:167)
	at scala.collection.immutable.List.foreach(List.scala:389)
	at tictactoe.AISpec.$anonfun$new$30(AISpec.scala:155)
	at scala.util.control.Breaks.breakable(Breaks.scala:38)
	at tictactoe.AISpec.go$1(AISpec.scala:155)
	at tictactoe.AISpec.$anonfun$new$31(AISpec.scala:174)
	at scala.collection.immutable.List.foreach(List.scala:389)
	at tictactoe.AISpec.$anonfun$new$30(AISpec.scala:155)
	at scala.util.control.Breaks.breakable(Breaks.scala:38)
	at tictactoe.AISpec.go$1(AISpec.scala:155)
	at tictactoe.AISpec.$anonfun$new$31(AISpec.scala:174)
	at scala.collection.immutable.List.foreach(List.scala:389)
	at tictactoe.AISpec.$anonfun$new$30(AISpec.scala:155)
	at scala.util.control.Breaks.breakable(Breaks.scala:38)
	at tictactoe.AISpec.go$1(AISpec.scala:155)
	at tictactoe.AISpec.$anonfun$new$31(AISpec.scala:174)
	at scala.collection.immutable.List.foreach(List.scala:389)
	at tictactoe.AISpec.$anonfun$new$30(AISpec.scala:155)
	at scala.util.control.Breaks.breakable(Breaks.scala:38)
	at tictactoe.AISpec.go$1(AISpec.scala:155)
	at tictactoe.AISpec.$anonfun$new$31(AISpec.scala:174)
	at scala.collection.immutable.List.foreach(List.scala:389)
	at tictactoe.AISpec.$anonfun$new$30(AISpec.scala:155)
	at scala.util.control.Breaks.breakable(Breaks.scala:38)
	at tictactoe.AISpec.go$1(AISpec.scala:155)
	at tictactoe.AISpec.$anonfun$new$28(AISpec.scala:179)
	at scala.runtime.java8.JFunction0$mcV$sp.apply(JFunction0$mcV$sp.java:12)
	at org.scalatest.OutcomeOf.outcomeOf(OutcomeOf.scala:85)
	at org.scalatest.OutcomeOf.outcomeOf$(OutcomeOf.scala:83)
	at org.scalatest.OutcomeOf$.outcomeOf(OutcomeOf.scala:104)
	at org.scalatest.Transformer.apply(Transformer.scala:22)
	at org.scalatest.Transformer.apply(Transformer.scala:20)
	at org.scalatest.FunSpecLike$$anon$1.apply(FunSpecLike.scala:454)
	at org.scalatest.TestSuite.withFixture(TestSuite.scala:196)
	at org.scalatest.TestSuite.withFixture$(TestSuite.scala:195)
	at org.scalatest.FunSpec.withFixture(FunSpec.scala:1630)
	at org.scalatest.FunSpecLike.invokeWithFixture$1(FunSpecLike.scala:452)
	at org.scalatest.FunSpecLike.$anonfun$runTest$1(FunSpecLike.scala:464)
	at org.scalatest.SuperEngine.runTestImpl(Engine.scala:289)
	at org.scalatest.FunSpecLike.runTest(FunSpecLike.scala:464)
	at org.scalatest.FunSpecLike.runTest$(FunSpecLike.scala:446)
	at org.scalatest.FunSpec.runTest(FunSpec.scala:1630)
	at org.scalatest.FunSpecLike.$anonfun$runTests$1(FunSpecLike.scala:497)
	at org.scalatest.SuperEngine.$anonfun$runTestsInBranch$1(Engine.scala:396)
	at scala.collection.immutable.List.foreach(List.scala:389)
	at org.scalatest.SuperEngine.traverseSubNodes$1(Engine.scala:384)
	at org.scalatest.SuperEngine.runTestsInBranch(Engine.scala:379)
	at org.scalatest.SuperEngine.runTestsImpl(Engine.scala:461)
	at org.scalatest.FunSpecLike.runTests(FunSpecLike.scala:497)
	at org.scalatest.FunSpecLike.runTests$(FunSpecLike.scala:496)
	at org.scalatest.FunSpec.runTests(FunSpec.scala:1630)
	at org.scalatest.Suite.run(Suite.scala:1147)
	at org.scalatest.Suite.run$(Suite.scala:1129)
	at org.scalatest.FunSpec.org$scalatest$FunSpecLike$$super$run(FunSpec.scala:1630)
	at org.scalatest.FunSpecLike.$anonfun$run$1(FunSpecLike.scala:501)
	at org.scalatest.SuperEngine.runImpl(Engine.scala:521)
	at org.scalatest.FunSpecLike.run(FunSpecLike.scala:501)
	at org.scalatest.FunSpecLike.run$(FunSpecLike.scala:500)
	at org.scalatest.FunSpec.run(FunSpec.scala:1630)
	at org.scalatest.tools.Framework.org$scalatest$tools$Framework$$runSuite(Framework.scala:314)
	at org.scalatest.tools.Framework$ScalaTestTask.execute(Framework.scala:507)
	at sbt.TestRunner.runTest$1(TestFramework.scala:76)
	at sbt.TestRunner.run(TestFramework.scala:85)
	at sbt.TestFramework$$anon$2$$anonfun$$init$$1$$anonfun$apply$8.apply(TestFramework.scala:202)
	at sbt.TestFramework$$anon$2$$anonfun$$init$$1$$anonfun$apply$8.apply(TestFramework.scala:202)
	at sbt.TestFramework$.sbt$TestFramework$$withContextLoader(TestFramework.scala:185)
	at sbt.TestFramework$$anon$2$$anonfun$$init$$1.apply(TestFramework.scala:202)
	at sbt.TestFramework$$anon$2$$anonfun$$init$$1.apply(TestFramework.scala:202)
	at sbt.TestFunction.apply(TestFramework.scala:207)
	at sbt.Tests$$anonfun$9.apply(Tests.scala:216)
	at sbt.Tests$$anonfun$9.apply(Tests.scala:216)
	at sbt.std.Transform$$anon$3$$anonfun$apply$2.apply(System.scala:44)
	at sbt.std.Transform$$anon$3$$anonfun$apply$2.apply(System.scala:44)
	at sbt.std.Transform$$anon$4.work(System.scala:63)
	at sbt.Execute$$anonfun$submit$1$$anonfun$apply$1.apply(Execute.scala:228)
	at sbt.Execute$$anonfun$submit$1$$anonfun$apply$1.apply(Execute.scala:228)
	at sbt.ErrorHandling$.wideConvert(ErrorHandling.scala:17)
	at sbt.Execute.work(Execute.scala:237)
	at sbt.Execute$$anonfun$submit$1.apply(Execute.scala:228)
	at sbt.Execute$$anonfun$submit$1.apply(Execute.scala:228)
	at sbt.ConcurrentRestrictions$$anon$4$$anonfun$1.apply(ConcurrentRestrictions.scala:159)
	at sbt.CompletionService$$anon$2.call(CompletionService.scala:28)
	at java.util.concurrent.FutureTask.run(FutureTask.java:266)
	at java.util.concurrent.Executors$RunnableAdapter.call(Executors.java:511)
	at java.util.concurrent.FutureTask.run(FutureTask.java:266)
	at java.util.concurrent.ThreadPoolExecutor.runWorker(ThreadPoolExecutor.java:1142)
	at java.util.concurrent.ThreadPoolExecutor$Worker.run(ThreadPoolExecutor.java:617)
	at java.lang.Thread.run(Thread.java:748)
</failure>
                                               </testcase>
                     <system-out></system-out>
                     <system-err></system-err>
                   </testsuite>